<?xml version="1.0" encoding="UTF-8"?>
<!-- Generated by org.testng.reporters.JUnitXMLReporter -->
<testsuite ignored="4" hostname="LAPTOP-CPOE8M1M" failures="0" tests="5" name="Pruebas en Chrome" time="100.861" errors="0" timestamp="2024-09-26T19:41:00 ART">
  <testcase classname="Login.LoginTest" name="LoginExitoso" time="6.05"/>
  <testcase classname="Login.LoginUserFail" name="LoginUserFail" time="13.32"/>
  <testcase classname="Login.LoginUserBloqueado" name="LoginUserBloqueado" time="15.313"/>
  <testcase classname="CarritoCompras.ContinuarComprandoTest" name="continuarCompra" time="3.264"/>
  <testcase classname="CarritoCompras.EliminarProductoTest" name="eliminarProducto" time="6.325"/>
  <testcase classname="paquetePrincipal.Configuracion" name="@BeforeSuite startReport" time="0.0">
    <ignored/>
  </testcase> <!-- @BeforeSuite startReport -->
  <testcase classname="paquetePrincipal.Configuracion" name="@BeforeSuite startReport" time="0.0">
    <ignored/>
  </testcase> <!-- @BeforeSuite startReport -->
  <testcase classname="paquetePrincipal.Configuracion" name="@BeforeSuite startReport" time="0.0">
    <ignored/>
  </testcase> <!-- @BeforeSuite startReport -->
  <testcase classname="paquetePrincipal.Configuracion" name="@BeforeSuite startReport" time="0.0">
    <ignored/>
  </testcase> <!-- @BeforeSuite startReport -->
</testsuite> <!-- Pruebas en Chrome -->
