<?xml version="1.0" encoding="UTF-8"?>
<!-- Generated by org.testng.reporters.JUnitXMLReporter -->
<testsuite ignored="4" hostname="LAPTOP-CPOE8M1M" failures="0" tests="5" name="Pruebas en Firefox" time="110.834" errors="0" timestamp="2024-09-26T19:42:51 ART">
  <testcase classname="Login.LoginTest" name="LoginExitoso" time="3.212"/>
  <testcase classname="Login.LoginUserFail" name="LoginUserFail" time="12.288"/>
  <testcase classname="Login.LoginUserBloqueado" name="LoginUserBloqueado" time="12.267"/>
  <testcase classname="CarritoCompras.ContinuarComprandoTest" name="continuarCompra" time="2.883"/>
  <testcase classname="CarritoCompras.EliminarProductoTest" name="eliminarProducto" time="6.905"/>
  <testcase classname="paquetePrincipal.Configuracion" name="@BeforeSuite startReport" time="0.0">
    <ignored/>
  </testcase> <!-- @BeforeSuite startReport -->
  <testcase classname="paquetePrincipal.Configuracion" name="@BeforeSuite startReport" time="0.0">
    <ignored/>
  </testcase> <!-- @BeforeSuite startReport -->
  <testcase classname="paquetePrincipal.Configuracion" name="@BeforeSuite startReport" time="0.0">
    <ignored/>
  </testcase> <!-- @BeforeSuite startReport -->
  <testcase classname="paquetePrincipal.Configuracion" name="@BeforeSuite startReport" time="0.0">
    <ignored/>
  </testcase> <!-- @BeforeSuite startReport -->
</testsuite> <!-- Pruebas en Firefox -->
